Defaulting to user installation because normal site-packages is not writeable
Requirement already satisfied: transformers in /gpfs/home3/mkoopmans/.local/lib/python3.10/site-packages (4.44.0)
Requirement already satisfied: torch in /gpfs/home3/mkoopmans/.local/lib/python3.10/site-packages (2.4.0)
Requirement already satisfied: tqdm in /gpfs/home3/mkoopmans/.local/lib/python3.10/site-packages (4.66.5)
Requirement already satisfied: numpy in /gpfs/home3/mkoopmans/.local/lib/python3.10/site-packages (1.26.4)
Requirement already satisfied: datasets in /gpfs/home3/mkoopmans/.local/lib/python3.10/site-packages (2.20.0)
Requirement already satisfied: accelerate in /gpfs/home3/mkoopmans/.local/lib/python3.10/site-packages (0.33.0)
Requirement already satisfied: matplotlib in /gpfs/home3/mkoopmans/.local/lib/python3.10/site-packages (3.9.1.post1)
Requirement already satisfied: scikit-learn in /gpfs/home3/mkoopmans/.local/lib/python3.10/site-packages (1.5.1)
Requirement already satisfied: pyyaml>=5.1 in /gpfs/home3/mkoopmans/.local/lib/python3.10/site-packages (from transformers) (6.0.2)
Requirement already satisfied: filelock in /gpfs/admin/_hpc/sw/arch/INTEL-AVX512/RHEL8/EB_production/2022/software/Python/3.10.4-GCCcore-11.3.0/lib/python3.10/site-packages (from transformers) (3.6.0)
Requirement already satisfied: tokenizers<0.20,>=0.19 in /gpfs/home3/mkoopmans/.local/lib/python3.10/site-packages (from transformers) (0.19.1)
Requirement already satisfied: safetensors>=0.4.1 in /gpfs/home3/mkoopmans/.local/lib/python3.10/site-packages (from transformers) (0.4.4)
Requirement already satisfied: regex!=2019.12.17 in /gpfs/admin/_hpc/sw/arch/INTEL-AVX512/RHEL8/EB_production/2022/software/Python/3.10.4-GCCcore-11.3.0/lib/python3.10/site-packages (from transformers) (2022.4.24)
Requirement already satisfied: requests in /gpfs/home3/mkoopmans/.local/lib/python3.10/site-packages (from transformers) (2.32.3)
Requirement already satisfied: packaging>=20.0 in /gpfs/admin/_hpc/sw/arch/INTEL-AVX512/RHEL8/EB_production/2022/software/Python/3.10.4-GCCcore-11.3.0/lib/python3.10/site-packages (from transformers) (20.9)
Requirement already satisfied: huggingface-hub<1.0,>=0.23.2 in /gpfs/home3/mkoopmans/.local/lib/python3.10/site-packages (from transformers) (0.24.5)
Requirement already satisfied: nvidia-cusparse-cu12==12.1.0.106 in /gpfs/home3/mkoopmans/.local/lib/python3.10/site-packages (from torch) (12.1.0.106)
Requirement already satisfied: nvidia-cuda-nvrtc-cu12==12.1.105 in /gpfs/home3/mkoopmans/.local/lib/python3.10/site-packages (from torch) (12.1.105)
Requirement already satisfied: nvidia-cufft-cu12==11.0.2.54 in /gpfs/home3/mkoopmans/.local/lib/python3.10/site-packages (from torch) (11.0.2.54)
Requirement already satisfied: nvidia-nccl-cu12==2.20.5 in /gpfs/home3/mkoopmans/.local/lib/python3.10/site-packages (from torch) (2.20.5)
Requirement already satisfied: networkx in /gpfs/home3/mkoopmans/.local/lib/python3.10/site-packages (from torch) (3.3)
Requirement already satisfied: fsspec in /gpfs/home3/mkoopmans/.local/lib/python3.10/site-packages (from torch) (2024.5.0)
Requirement already satisfied: nvidia-cublas-cu12==12.1.3.1 in /gpfs/home3/mkoopmans/.local/lib/python3.10/site-packages (from torch) (12.1.3.1)
Requirement already satisfied: nvidia-curand-cu12==10.3.2.106 in /gpfs/home3/mkoopmans/.local/lib/python3.10/site-packages (from torch) (10.3.2.106)
Requirement already satisfied: nvidia-cusolver-cu12==11.4.5.107 in /gpfs/home3/mkoopmans/.local/lib/python3.10/site-packages (from torch) (11.4.5.107)
Requirement already satisfied: nvidia-cuda-runtime-cu12==12.1.105 in /gpfs/home3/mkoopmans/.local/lib/python3.10/site-packages (from torch) (12.1.105)
Requirement already satisfied: triton==3.0.0 in /gpfs/home3/mkoopmans/.local/lib/python3.10/site-packages (from torch) (3.0.0)
Requirement already satisfied: jinja2 in /gpfs/admin/_hpc/sw/arch/INTEL-AVX512/RHEL8/EB_production/2022/software/Python/3.10.4-GCCcore-11.3.0/lib/python3.10/site-packages (from torch) (3.1.2)
Requirement already satisfied: nvidia-cuda-cupti-cu12==12.1.105 in /gpfs/home3/mkoopmans/.local/lib/python3.10/site-packages (from torch) (12.1.105)
Requirement already satisfied: nvidia-nvtx-cu12==12.1.105 in /gpfs/home3/mkoopmans/.local/lib/python3.10/site-packages (from torch) (12.1.105)
Requirement already satisfied: nvidia-cudnn-cu12==9.1.0.70 in /gpfs/home3/mkoopmans/.local/lib/python3.10/site-packages (from torch) (9.1.0.70)
Requirement already satisfied: sympy in /gpfs/home3/mkoopmans/.local/lib/python3.10/site-packages (from torch) (1.13.1)
Requirement already satisfied: typing-extensions>=4.8.0 in /gpfs/home3/mkoopmans/.local/lib/python3.10/site-packages (from torch) (4.12.2)
Requirement already satisfied: nvidia-nvjitlink-cu12 in /gpfs/home3/mkoopmans/.local/lib/python3.10/site-packages (from nvidia-cusolver-cu12==11.4.5.107->torch) (12.6.20)
Requirement already satisfied: aiohttp in /gpfs/home3/mkoopmans/.local/lib/python3.10/site-packages (from datasets) (3.10.2)
Requirement already satisfied: pandas in /gpfs/home3/mkoopmans/.local/lib/python3.10/site-packages (from datasets) (2.2.2)
Requirement already satisfied: pyarrow-hotfix in /gpfs/home3/mkoopmans/.local/lib/python3.10/site-packages (from datasets) (0.6)
Requirement already satisfied: pyarrow>=15.0.0 in /gpfs/home3/mkoopmans/.local/lib/python3.10/site-packages (from datasets) (17.0.0)
Requirement already satisfied: multiprocess in /gpfs/home3/mkoopmans/.local/lib/python3.10/site-packages (from datasets) (0.70.16)
Requirement already satisfied: xxhash in /gpfs/home3/mkoopmans/.local/lib/python3.10/site-packages (from datasets) (3.4.1)
Requirement already satisfied: dill<0.3.9,>=0.3.0 in /gpfs/home3/mkoopmans/.local/lib/python3.10/site-packages (from datasets) (0.3.8)
Requirement already satisfied: psutil in /gpfs/admin/_hpc/sw/arch/INTEL-AVX512/RHEL8/EB_production/2022/software/Python/3.10.4-GCCcore-11.3.0/lib/python3.10/site-packages (from accelerate) (5.9.0)
Requirement already satisfied: kiwisolver>=1.3.1 in /gpfs/home3/mkoopmans/.local/lib/python3.10/site-packages (from matplotlib) (1.4.5)
Requirement already satisfied: python-dateutil>=2.7 in /gpfs/admin/_hpc/sw/arch/INTEL-AVX512/RHEL8/EB_production/2022/software/Python/3.10.4-GCCcore-11.3.0/lib/python3.10/site-packages (from matplotlib) (2.8.2)
Requirement already satisfied: contourpy>=1.0.1 in /gpfs/home3/mkoopmans/.local/lib/python3.10/site-packages (from matplotlib) (1.2.1)
Requirement already satisfied: pillow>=8 in /gpfs/home3/mkoopmans/.local/lib/python3.10/site-packages (from matplotlib) (10.4.0)
Requirement already satisfied: fonttools>=4.22.0 in /gpfs/home3/mkoopmans/.local/lib/python3.10/site-packages (from matplotlib) (4.53.1)
Requirement already satisfied: pyparsing>=2.3.1 in /gpfs/admin/_hpc/sw/arch/INTEL-AVX512/RHEL8/EB_production/2022/software/Python/3.10.4-GCCcore-11.3.0/lib/python3.10/site-packages (from matplotlib) (3.0.8)
Requirement already satisfied: cycler>=0.10 in /gpfs/home3/mkoopmans/.local/lib/python3.10/site-packages (from matplotlib) (0.12.1)
Requirement already satisfied: joblib>=1.2.0 in /gpfs/home3/mkoopmans/.local/lib/python3.10/site-packages (from scikit-learn) (1.4.2)
Requirement already satisfied: scipy>=1.6.0 in /gpfs/home3/mkoopmans/.local/lib/python3.10/site-packages (from scikit-learn) (1.14.0)
Requirement already satisfied: threadpoolctl>=3.1.0 in /gpfs/admin/_hpc/sw/arch/INTEL-AVX512/RHEL8/EB_production/2022/software/Python/3.10.4-GCCcore-11.3.0/lib/python3.10/site-packages (from scikit-learn) (3.1.0)
Requirement already satisfied: async-timeout<5.0,>=4.0 in /gpfs/home3/mkoopmans/.local/lib/python3.10/site-packages (from aiohttp->datasets) (4.0.3)
Requirement already satisfied: attrs>=17.3.0 in /gpfs/admin/_hpc/sw/arch/INTEL-AVX512/RHEL8/EB_production/2022/software/Python/3.10.4-GCCcore-11.3.0/lib/python3.10/site-packages (from aiohttp->datasets) (21.4.0)
Requirement already satisfied: aiohappyeyeballs>=2.3.0 in /gpfs/home3/mkoopmans/.local/lib/python3.10/site-packages (from aiohttp->datasets) (2.3.5)
Requirement already satisfied: frozenlist>=1.1.1 in /gpfs/home3/mkoopmans/.local/lib/python3.10/site-packages (from aiohttp->datasets) (1.4.1)
Requirement already satisfied: aiosignal>=1.1.2 in /gpfs/home3/mkoopmans/.local/lib/python3.10/site-packages (from aiohttp->datasets) (1.3.1)
Requirement already satisfied: yarl<2.0,>=1.0 in /gpfs/home3/mkoopmans/.local/lib/python3.10/site-packages (from aiohttp->datasets) (1.9.4)
Requirement already satisfied: multidict<7.0,>=4.5 in /gpfs/home3/mkoopmans/.local/lib/python3.10/site-packages (from aiohttp->datasets) (6.0.5)
Requirement already satisfied: six>=1.5 in /gpfs/admin/_hpc/sw/arch/INTEL-AVX512/RHEL8/EB_production/2022/software/Python/3.10.4-GCCcore-11.3.0/lib/python3.10/site-packages (from python-dateutil>=2.7->matplotlib) (1.16.0)
Requirement already satisfied: idna<4,>=2.5 in /gpfs/admin/_hpc/sw/arch/INTEL-AVX512/RHEL8/EB_production/2022/software/Python/3.10.4-GCCcore-11.3.0/lib/python3.10/site-packages (from requests->transformers) (3.3)
Requirement already satisfied: urllib3<3,>=1.21.1 in /gpfs/admin/_hpc/sw/arch/INTEL-AVX512/RHEL8/EB_production/2022/software/Python/3.10.4-GCCcore-11.3.0/lib/python3.10/site-packages (from requests->transformers) (1.26.9)
Requirement already satisfied: charset-normalizer<4,>=2 in /gpfs/admin/_hpc/sw/arch/INTEL-AVX512/RHEL8/EB_production/2022/software/Python/3.10.4-GCCcore-11.3.0/lib/python3.10/site-packages (from requests->transformers) (2.0.12)
Requirement already satisfied: certifi>=2017.4.17 in /gpfs/admin/_hpc/sw/arch/INTEL-AVX512/RHEL8/EB_production/2022/software/Python/3.10.4-GCCcore-11.3.0/lib/python3.10/site-packages (from requests->transformers) (2021.10.8)
Requirement already satisfied: MarkupSafe>=2.0 in /gpfs/admin/_hpc/sw/arch/INTEL-AVX512/RHEL8/EB_production/2022/software/Python/3.10.4-GCCcore-11.3.0/lib/python3.10/site-packages (from jinja2->torch) (2.1.1)
Requirement already satisfied: pytz>=2020.1 in /gpfs/admin/_hpc/sw/arch/INTEL-AVX512/RHEL8/EB_production/2022/software/Python/3.10.4-GCCcore-11.3.0/lib/python3.10/site-packages (from pandas->datasets) (2022.1)
Requirement already satisfied: tzdata>=2022.7 in /gpfs/home3/mkoopmans/.local/lib/python3.10/site-packages (from pandas->datasets) (2024.1)
Requirement already satisfied: mpmath<1.4,>=1.1.0 in /gpfs/home3/mkoopmans/.local/lib/python3.10/site-packages (from sympy->torch) (1.3.0)
WARNING: You are using pip version 22.0.4; however, version 24.2 is available.
You should consider upgrading via the '/sw/arch/RHEL8/EB_production/2022/software/Python/3.10.4-GCCcore-11.3.0/bin/python -m pip install --upgrade pip' command.
Loading checkpoint shards:   0%|          | 0/6 [00:00<?, ?it/s]Loading checkpoint shards:  17%|█▋        | 1/6 [00:05<00:29,  5.91s/it]Loading checkpoint shards:  33%|███▎      | 2/6 [00:11<00:23,  5.90s/it]Loading checkpoint shards:  50%|█████     | 3/6 [00:17<00:17,  5.88s/it]Loading checkpoint shards:  67%|██████▋   | 4/6 [00:23<00:11,  5.87s/it]Loading checkpoint shards:  83%|████████▎ | 5/6 [00:29<00:05,  5.86s/it]Loading checkpoint shards: 100%|██████████| 6/6 [00:33<00:00,  5.24s/it]Loading checkpoint shards: 100%|██████████| 6/6 [00:33<00:00,  5.57s/it]
/home/mkoopmans/.local/lib/python3.10/site-packages/transformers/tokenization_utils_base.py:1601: FutureWarning: `clean_up_tokenization_spaces` was not set. It will be set to `True` by default. This behavior will be depracted in transformers v4.45, and will be then set to `False` by default. For more details check this issue: https://github.com/huggingface/transformers/issues/31884
  warnings.warn(
0it [00:00, ?it/s]0it [00:10, ?it/s]
Traceback (most recent call last):
  File "/home/mkoopmans/MIA-metric-thesisproject/run.py", line 88, in <module>
    perform_experiment(args, exp_args)
  File "/home/mkoopmans/MIA-metric-thesisproject/run.py", line 64, in perform_experiment
    experiment.run_experiment(unlearning_args)
  File "/gpfs/home3/mkoopmans/MIA-metric-thesisproject/experiment_utils.py", line 136, in run_experiment
    results_dict = self.experiment_loop(base_model, tokenizer, dataloader)
  File "/gpfs/home3/mkoopmans/MIA-metric-thesisproject/experiment_utils.py", line 54, in experiment_loop
    unlearned_model = unlearn_dataslice(unlearned_model, optimizer, batch_inputs, self.unlearning_args, accelerator)
  File "/gpfs/home3/mkoopmans/MIA-metric-thesisproject/unlearning.py", line 58, in unlearn_dataslice
    optimizer.step()
  File "/home/mkoopmans/.local/lib/python3.10/site-packages/accelerate/optimizer.py", line 170, in step
    self.optimizer.step(closure)
  File "/home/mkoopmans/.local/lib/python3.10/site-packages/torch/optim/optimizer.py", line 484, in wrapper
    out = func(*args, **kwargs)
  File "/home/mkoopmans/.local/lib/python3.10/site-packages/torch/optim/optimizer.py", line 89, in _use_grad
    ret = func(self, *args, **kwargs)
  File "/home/mkoopmans/.local/lib/python3.10/site-packages/torch/optim/adam.py", line 226, in step
    adam(
  File "/home/mkoopmans/.local/lib/python3.10/site-packages/torch/optim/optimizer.py", line 161, in maybe_fallback
    return func(*args, **kwargs)
  File "/home/mkoopmans/.local/lib/python3.10/site-packages/torch/optim/adam.py", line 766, in adam
    func(
  File "/home/mkoopmans/.local/lib/python3.10/site-packages/torch/optim/adam.py", line 602, in _multi_tensor_adam
    exp_avg_sq_sqrt = torch._foreach_sqrt(device_exp_avg_sqs)
torch.OutOfMemoryError: CUDA out of memory. Tried to allocate 256.00 MiB. GPU 2 has a total capacity of 39.39 GiB of which 213.56 MiB is free. Including non-PyTorch memory, this process has 39.17 GiB memory in use. Of the allocated memory 38.51 GiB is allocated by PyTorch, and 166.65 MiB is reserved by PyTorch but unallocated. If reserved but unallocated memory is large try setting PYTORCH_CUDA_ALLOC_CONF=expandable_segments:True to avoid fragmentation.  See documentation for Memory Management  (https://pytorch.org/docs/stable/notes/cuda.html#environment-variables)

JOB STATISTICS
==============
Job ID: 7410039
Cluster: snellius
User/Group: mkoopmans/mkoopmans
State: RUNNING
Nodes: 1
Cores per node: 72
CPU Utilized: 00:00:00
CPU Efficiency: 0.00% of 01:26:24 core-walltime
Job Wall-clock time: 00:01:12
Memory Utilized: 0.00 MB (estimated maximum)
Memory Efficiency: 0.00% of 480.00 GB (480.00 GB/node)
WARNING: Efficiency statistics may be misleading for RUNNING jobs.
